no change     /projects/netpub/anaconda3/2022.05/condabin/conda
no change     /projects/netpub/anaconda3/2022.05/bin/conda
no change     /projects/netpub/anaconda3/2022.05/bin/conda-env
no change     /projects/netpub/anaconda3/2022.05/bin/activate
no change     /projects/netpub/anaconda3/2022.05/bin/deactivate
no change     /projects/netpub/anaconda3/2022.05/etc/profile.d/conda.sh
no change     /projects/netpub/anaconda3/2022.05/etc/fish/conf.d/conda.fish
no change     /projects/netpub/anaconda3/2022.05/shell/condabin/Conda.psm1
no change     /projects/netpub/anaconda3/2022.05/shell/condabin/conda-hook.ps1
no change     /projects/netpub/anaconda3/2022.05/lib/python3.9/site-packages/xontrib/conda.xsh
no change     /projects/netpub/anaconda3/2022.05/etc/profile.d/conda.csh
no change     /ascldap/users/adrohsk/.bashrc
No action taken.
Random sampling of groups toggled on.
FitSNAP-generated seed for random sampling: 33499

WARNING: Bulk train size 1 + test size 1 > nfiles 1
         Forcing testing size to add up properly.

'scrape_configs' took 437.86 ms on rank 0
>>> Creating shared arrays
>>> Created shared arrays
'process_configs' took 4741.76 ms on rank 0
printing fit:  [-4.69820275e+00 -3.17674222e+00 -2.15375451e+00  2.15123555e+01
 -2.21987873e+01  9.32678949e+00  4.70351942e+00 -6.11179784e+00
  2.84420799e+00 -9.72663254e+00 -5.84658823e+00  1.79645825e+01
  1.15933769e+01 -1.16476108e+01 -7.62107799e+00  3.34344346e+00
  2.56759421e+00 -3.51629162e-01  1.50102950e+00 -8.66001465e-01
  4.14848346e-02  1.71902645e+00 -9.09378929e-01  2.03961371e-02
 -1.72469308e-01  1.16819820e-01  4.95478864e-03  1.39170961e+00
 -3.41656365e+00  1.75204936e+00 -1.62850334e+00 -9.73852428e-01
  1.77475659e+00 -9.23864654e-01  7.81495012e-01  3.14699518e+00
 -1.16293023e+00  1.28276442e+00 -1.47955788e+00  3.06652662e+00
 -1.47231852e+00 -2.36180384e+00 -1.41414070e+00  1.00900108e+00
  3.36507087e-01 -3.95875223e-03 -7.98315883e-01  4.92071411e-01
 -2.68446177e-01  4.48345390e+00 -6.55192131e-01  3.26156986e+00
  1.98698953e+01 -2.25701755e+01  6.08421387e+00  8.79224739e+00
 -9.21833034e+00  3.47335799e+00 -5.84658556e+00 -9.48129401e+00
  1.15933732e+01  6.35927846e+00 -7.62108406e+00 -1.00625796e+00
  2.56759328e+00 -1.84663377e+00  7.96782065e-01 -1.54850912e+00
 -6.64184292e-01  1.27276273e+00 -7.44814793e-01  2.97374318e+00
 -2.29841113e-01  7.64844531e-01 -5.36734862e-01  7.75380361e-01
 -6.86646437e-01 -2.87737558e-01 -1.77091149e+00 -1.01269392e+00
  2.37077580e-01 -4.08651536e-01  4.03953892e-01  1.01133164e-01
 -1.83935097e+00  1.02163676e-01  1.92991151e+00 -2.53878299e+00
  1.50809516e+00 -3.57326807e+00 -3.43715411e+00  8.41220140e-01
  4.23083489e-01  4.51089469e-02 -6.17971057e-01  9.95528152e-01
 -1.68361778e+00  4.33663157e-01]
'fit' took 696.15 ms on rank 0
'error_analysis' took 1672.63 ms on rank 0
'write_output' took 1782.01 ms on rank 0
